Using pre-set license
Built from '2020.3/release' branch; Version is '2020.3.12f1 (b3b2c6512326) revision 11776710'; Using compiler version '192528614'; Build Type 'Release'
OS: 'Windows 10 Pro; OS build 19042.1110; Version 2009; 64bit' Language: 'ja' Physical Memory: 3990 MB
BatchMode: 1, IsHumanControllingUs: 0, StartBugReporterOnCrash: 0, Is64bit: 1, IsPro: 0

 COMMAND LINE ARGUMENTS:
C:\Users\user\Desktop\2020.3.12f1\Editor\Unity.exe
-adb2
-batchMode
-noUpm
-name
AssetImportWorker0
-projectPath
C:/Users/user/Desktop/testMusic
-logFile
Logs/AssetImportWorker0.log
-srvPort
53068
Successfully changed project path to: C:/Users/user/Desktop/testMusic
C:/Users/user/Desktop/testMusic
Using Asset Import Pipeline V2.
Refreshing native plugins compatible for Editor in 66.42 ms, found 2 plugins.
Preloading 0 native plugins for Editor in 0.00 ms.
Initialize engine version: 2020.3.12f1 (b3b2c6512326)
[Subsystems] Discovering subsystems at path C:/Users/user/Desktop/2020.3.12f1/Editor/Data/Resources/UnitySubsystems
[Subsystems] Discovering subsystems at path C:/Users/user/Desktop/testMusic/Assets
GfxDevice: creating device client; threaded=0
Direct3D:
    Version:  Direct3D 11.0 [level 11.0]
    Renderer: Intel(R) HD Graphics 4000 (ID=0x166)
    Vendor:   
    VRAM:     128 MB
    Driver:   10.18.10.4252
Initialize mono
Mono path[0] = 'C:/Users/user/Desktop/2020.3.12f1/Editor/Data/Managed'
Mono path[1] = 'C:/Users/user/Desktop/2020.3.12f1/Editor/Data/MonoBleedingEdge/lib/mono/unityjit'
Mono config path = 'C:/Users/user/Desktop/2020.3.12f1/Editor/Data/MonoBleedingEdge/etc'
Using monoOptions --debugger-agent=transport=dt_socket,embedding=1,server=y,suspend=n,address=127.0.0.1:56024
Begin MonoManager ReloadAssembly
Registering precompiled unity dll's ...
Register platform support module: C:/Users/user/Desktop/2020.3.12f1/Editor/Data/PlaybackEngines/WindowsStandaloneSupport/UnityEditor.WindowsStandalone.Extensions.dll
Registered in 0.006703 seconds.
Native extension for WindowsStandalone target not found
Refreshing native plugins compatible for Editor in 51.45 ms, found 2 plugins.
Preloading 0 native plugins for Editor in 0.00 ms.
Mono: successfully reloaded assembly
- Completed reload, in  7.733 seconds
Platform modules already initialized, skipping
Registering precompiled user dll's ...
Registered in 0.023086 seconds.
Begin MonoManager ReloadAssembly
Native extension for WindowsStandalone target not found
Refreshing native plugins compatible for Editor in 0.63 ms, found 2 plugins.
Preloading 0 native plugins for Editor in 0.00 ms.
Mono: successfully reloaded assembly
- Completed reload, in  1.897 seconds
Platform modules already initialized, skipping
========================================================================
Worker process is ready to serve import requests
Launched and connected shader compiler UnityShaderCompiler.exe after 0.12 seconds
Refreshing native plugins compatible for Editor in 0.70 ms, found 2 plugins.
Preloading 0 native plugins for Editor in 0.00 ms.
Unloading 1698 Unused Serialized files (Serialized files now loaded: 0)
System memory in use before: 74.8 MB.
System memory in use after: 74.8 MB.

Unloading 19 unused Assets to reduce memory usage. Loaded Objects now: 2136.
Total: 3.919600 ms (FindLiveObjects: 0.332000 ms CreateObjectMapping: 0.108400 ms MarkObjects: 3.298500 ms  DeleteObjects: 0.178600 ms)

AssetImportParameters requested are different than current active one (requested -> active):
  custom:framework-win-MediaFoundation: 216162199b28c13a410421893ffa2e32 -> 
  custom:video-decoder-ogg-theora: a1e56fd34408186e4bbccfd4996cb3dc -> 
  custom:container-muxer-webm: aa71ff27fc2769a1b78a27578f13a17b -> 
  custom:container-demuxer-webm: 4f35f7cbe854078d1ac9338744f61a02 -> 
  custom:container-demuxer-ogg: 62fdf1f143b41e24485cea50d1cbac27 -> 
  custom:video-encoder-webm-vp8: eb34c28f22e8b96e1ab97ce403110664 -> 
  custom:video-decoder-webm-vp8: 9c59270c3fd7afecdb556c50c9e8de78 -> 
  custom:audio-decoder-ogg-vorbis: bf7c407c2cedff20999df2af8eb42d56 -> 
  custom:audio-encoder-webm-vorbis: bf7c407c2cedff20999df2af8eb42d56 -> 
========================================================================
Received Import Request.
  path: Assets/Sprite
  artifactKey: Guid(c6486819aaa5aec4491d476e2b482a5f) Importer(815301076,1909f56bfc062723c751e8b465ee728b)
Start importing Assets/Sprite using Guid(c6486819aaa5aec4491d476e2b482a5f) Importer(815301076,1909f56bfc062723c751e8b465ee728b)  -> (artifact id: 'a5e64d63ef17f31e8f8a7d8514a9d6d2') in 0.036498 seconds 
  Import took 0.045913 seconds .

========================================================================
Received Import Request.
  Time since last request: 20.768876 seconds.
  path: Assets/Sprite/Judge_Bad.png
  artifactKey: Guid(7d5c024bac0926349b73778bcef1480b) Importer(815301076,1909f56bfc062723c751e8b465ee728b)
Start importing Assets/Sprite/Judge_Bad.png using Guid(7d5c024bac0926349b73778bcef1480b) Importer(815301076,1909f56bfc062723c751e8b465ee728b)  -> (artifact id: '159a9ddf79f5f5d42cd1bd85b8e9edbc') in 0.265223 seconds 
  Import took 0.282532 seconds .

========================================================================
Received Import Request.
  Time since last request: 0.000352 seconds.
  path: Assets/Sprite/Judge_Perfect.png
  artifactKey: Guid(6cd0b4e85ef70924bb9d31a338c411b9) Importer(815301076,1909f56bfc062723c751e8b465ee728b)
Start importing Assets/Sprite/Judge_Perfect.png using Guid(6cd0b4e85ef70924bb9d31a338c411b9) Importer(815301076,1909f56bfc062723c751e8b465ee728b)  -> (artifact id: 'c276fcb4c81cd444ef9b214394c896ea') in 0.024401 seconds 
  Import took 0.031469 seconds .

========================================================================
Received Import Request.
  Time since last request: 0.000322 seconds.
  path: Assets/Sprite/Judge_Good.png
  artifactKey: Guid(954ef94579c521641939137e3e529d3f) Importer(815301076,1909f56bfc062723c751e8b465ee728b)
Start importing Assets/Sprite/Judge_Good.png using Guid(954ef94579c521641939137e3e529d3f) Importer(815301076,1909f56bfc062723c751e8b465ee728b)  -> (artifact id: 'eebaa92d2446051a6f6f5b27d19e6e50') in 0.025029 seconds 
  Import took 0.031569 seconds .

========================================================================
Received Import Request.
  Time since last request: 0.000315 seconds.
  path: Assets/Sprite/Judge_Great.png
  artifactKey: Guid(ca7a20c050f98334cb35a1f292ed436a) Importer(815301076,1909f56bfc062723c751e8b465ee728b)
Start importing Assets/Sprite/Judge_Great.png using Guid(ca7a20c050f98334cb35a1f292ed436a) Importer(815301076,1909f56bfc062723c751e8b465ee728b)  -> (artifact id: 'f42030026db0e3697b53e699f236ae2c') in 0.063135 seconds 
  Import took 0.073566 seconds .

========================================================================
Received Import Request.
  Time since last request: 0.000328 seconds.
  path: Assets/Sprite/Judge_Miss.png
  artifactKey: Guid(0757c537c17693b46a54c85082057621) Importer(815301076,1909f56bfc062723c751e8b465ee728b)
Start importing Assets/Sprite/Judge_Miss.png using Guid(0757c537c17693b46a54c85082057621) Importer(815301076,1909f56bfc062723c751e8b465ee728b)  -> (artifact id: 'b40693944ba23a463678bdb2feaf0038') in 0.023575 seconds 
  Import took 0.031997 seconds .

========================================================================
Received Import Request.
  Time since last request: 0.000395 seconds.
  path: Assets/Sprite/Judge_Great.png
  artifactKey: Guid(ca7a20c050f98334cb35a1f292ed436a) Importer(815301076,1909f56bfc062723c751e8b465ee728b)
Start importing Assets/Sprite/Judge_Great.png using Guid(ca7a20c050f98334cb35a1f292ed436a) Importer(815301076,1909f56bfc062723c751e8b465ee728b)  -> (artifact id: 'f42030026db0e3697b53e699f236ae2c') in 0.019537 seconds 
  Import took 0.024720 seconds .

AssetImportWorkerClient::OnTransportError - code=2 error=End of file
